Logbuch gestartet
D:\CodeBlocks_Projekte\RUZ\TestDateien\Gelaendemodell_3.ruz konnte ge√∂ffnet werden
GefaelleRasterLoeschen...
GefaelleRasterLoeschen...erledigt
GefaelleRasterLoeschen...
GefaelleRasterLoeschen...erledigt
hilfsLayer: 0000000000000000
randLayer1: 0000000000000000
randLayer2: 0000000000000000hilfsLayer: 0000000000000000Logbuch gestartet
D:\CodeBlocks_Projekte\RUZ\TestDateien\Gelaendemodell_3.ruz konnte ge√∂ffnet werden
GefaelleRasterLoeschen...
GefaelleRasterLoeschen...erledigt
GefaelleRasterLoeschen...
GefaelleRasterLoeschen...erledigt
hilfsLayer: 0000000000000000
randLayer1: 0000000000000000
randLayer2: 0000000000000000hilfsLayer: 0000000000000000Logbuch gestartet
D:\CodeBlocks_Projekte\RUZ\TestDateien\Gelaendemodell_3.ruz konnte ge√∂ffnet werden
GefaelleRasterLoeschen...
GefaelleRasterLoeschen...erledigt
GefaelleRasterLoeschen...
GefaelleRasterLoeschen...erledigt
hilfsLayer: 000002c546d66df0
randLayer1: 000002c546d66fa0
randLayer2: 000002c546d67150
hilfsLayer: 0000000000000000
randLayer1: 0000000000000000
randLayer2: 0000000000000000
hilfsLayer: 0000000000000000
Logbuch gestartet
D:\CodeBlocks_Projekte\RUZ\TestDateien\Gelaendemodell_3.ruz konnte ge√∂ffnet werden
GefaelleRasterLoeschen...
GefaelleRasterLoeschen...erledigt
GefaelleRasterLoeschen...
GefaelleRasterLoeschen...erledigt
thread_info_verschnitt::thread_info_verschnitt()
hilfsLayer: 000001f446a073c0
randLayer1: 000001f446a06640
randLayer2: 000001f446a067f0
thread_info_verschnitt::HoleLayer()
hl: 000001f446a073c0
rl1: 000001f446a06640
rl2: 000001f446a067f0
thread_info_verschnitt::HoleLayer()
hl: 000001f446a073c0
rl1: 000001f446a06640
rl2: 000001f446a067f0
hilfsLayer: 0000000000000000
randLayer1: 0000000000000000
randLayer2: 0000000000000000
hilfsLayer: 0000000000000000
thread_info_verschnitt::HoleLayer()
hl: 000001f446a073c0
rl1: 000001f446a06640
rl2: 000001f446a067f0
Logbuch gestartet
D:\CodeBlocks_Projekte\RUZ\TestDateien\Gelaendemodell_3.ruz konnte ge√∂ffnet werden
GefaelleRasterLoeschen...
GefaelleRasterLoeschen...erledigt
GefaelleRasterLoeschen...
GefaelleRasterLoeschen...erledigt
thread_info_verschnitt::thread_info_verschnitt()
hilfsLayer: 0000025f8ac6a5f0
randLayer1: 0000025f8ac6a0e0
randLayer2: 0000025f8ac6a950
thread_info_verschnitt::HoleLayer()
hl: 0000025f8ac6a5f0
rl1: 0000025f8ac6a0e0
rl2: 0000025f8ac6a950
thread_info_verschnitt::HoleLayer()
hl: 0000025f8ac6a5f0
rl1: 0000025f8ac6a0e0
rl2: 0000025f8ac6a950
RUZ_Layer::Verschneiden
hilfsLayer: 0000025f8ac6a5f0
randLayer1: 0000025f8ac6a0e0
randLayer2: 0000025f8ac6a950
thread_info_verschnitt::HoleLayer()
hl: 0000025f8ac6a5f0
rl1: 0000025f8ac6a0e0
rl2: 0000025f8ac6a950
thread_info_verschnitt::HoleLayer()
hl: 0000025f8ac6a5f0
rl1: 0000025f8ac6a0e0
rl2: 0000025f8ac6a950
thread_info_verschnitt::HoleLayer()
hl: 0000025f8ac6a5f0
rl1: 0000025f8ac6a0e0
rl2: 0000025f8ac6a950
thread_info_verschnitt::HoleLayer()
hl: 0000025f8ac6a5f0
rl1: 0000025f8ac6a0e0
rl2: 0000025f8ac6a950
thread_info_verschnitt::HoleLayer()
hl: 0000025f8ac6a5f0
rl1: 0000025f8ac6a0e0
rl2: 0000025f8ac6a950
thread_info_verschnitt::HoleLayer()
hl: 0000025f8ac6a5f0
rl1: 0000025f8ac6a0e0
rl2: 0000025f8ac6a950
thread_info_verschnitt::HoleLayer()
hl: 0000025f8ac6a5f0
rl1: 0000025f8ac6a0e0
rl2: 0000025f8ac6a950
thread_info_verschnitt::HoleLayer()
hl: 0000025f8ac6a5f0
rl1: 0000025f8ac6a0e0
rl2: 0000025f8ac6a950
thread_info_verschnitt::HoleLayer()
hl: 0000025f8ac6a5f0
rl1: 0000025f8ac6a0e0
rl2: 0000025f8ac6a950
thread_info_verschnitt::HoleLayer()
hl: 0000025f8ac6a5f0
rl1: 0000025f8ac6a0e0
rl2: 0000025f8ac6a950
thread_info_verschnitt::HoleLayer()
hl: 0000025f8ac6a5f0
rl1: 0000025f8ac6a0e0
rl2: 0000025f8ac6a950
thread_info_verschnitt::HoleLayer()
hl: 0000025f8ac6a5f0
rl1: 0000025f8ac6a0e0
rl2: 0000025f8ac6a950
thread_info_verschnitt::HoleLayer()
hl: 0000025f8ac6a5f0
rl1: 0000025f8ac6a0e0
rl2: 0000025f8ac6a950
thread_info_verschnitt::HoleLayer()
hl: 0000025f8ac6a5f0
rl1: 0000025f8ac6a0e0
rl2: 0000025f8ac6a950
thread_info_verschnitt::HoleLayer()
hl: 0000025f8ac6a5f0
rl1: 0000025f8ac6a0e0
rl2: 0000025f8ac6a950
thread_info_verschnitt::HoleLayer()
hl: 0000025f8ac6a5f0
rl1: 0000025f8ac6a0e0
rl2: 0000025f8ac6a950
thread_info_verschnitt::HoleLayer()
hl: 0000025f8ac6a5f0
rl1: 0000025f8ac6a0e0
rl2: 0000025f8ac6a950
thread_info_verschnitt::HoleLayer()
hl: 0000025f8ac6a5f0
rl1: 0000025f8ac6a0e0
rl2: 0000025f8ac6a950
thread_info_verschnitt::HoleLayer()
hl: 0000025f8ac6a5f0
rl1: 0000025f8ac6a0e0
rl2: 0000025f8ac6a950
thread_info_verschnitt::HoleLayer()
hl: 0000025f8ac6a5f0
rl1: 0000025f8ac6a0e0
rl2: 0000025f8ac6a950
thread_info_verschnitt::HoleLayer()
hl: 0000025f8ac6a5f0
rl1: 0000025f8ac6a0e0
rl2: 0000025f8ac6a950
thread_info_verschnitt::HoleLayer()
hl: 0000025f8ac6a5f0
rl1: 0000025f8ac6a0e0
rl2: 0000025f8ac6a950
thread_info_verschnitt::HoleLayer()
hl: 0000025f8ac6a5f0
rl1: 0000025f8ac6a0e0
rl2: 0000025f8ac6a950
thread_info_verschnitt::HoleLayer()
hl: 0000025f8ac6a5f0
rl1: 0000025f8ac6a0e0
rl2: 0000025f8ac6a950
thread_info_verschnitt::HoleLayer()
hl: 0000025f8ac6a5f0
rl1: 0000025f8ac6a0e0
rl2: 0000025f8ac6a950
thread_info_verschnitt::HoleLayer()
hl: 0000025f8ac6a5f0
rl1: 0000025f8ac6a0e0
rl2: 0000025f8ac6a950
thread_info_verschnitt::HoleLayer()
hl: 0000025f8ac6a5f0
rl1: 0000025f8ac6a0e0
rl2: 0000025f8ac6a950
thread_info_verschnitt::HoleLayer()
hl: 0000025f8ac6a5f0
rl1: 0000025f8ac6a0e0
rl2: 0000025f8ac6a950
thread_info_verschnitt::HoleLayer()
hl: 0000025f8ac6a5f0
rl1: 0000025f8ac6a0e0
rl2: 0000025f8ac6a950
thread_info_verschnitt::HoleLayer()
hl: 0000025f8ac6a5f0
rl1: 0000025f8ac6a0e0
rl2: 0000025f8ac6a950
thread_info_verschnitt::HoleLayer()
hl: 0000025f8ac6a5f0
rl1: 0000025f8ac6a0e0
rl2: 0000025f8ac6a950
thread_info_verschnitt::HoleLayer()
hl: 0000025f8ac6a5f0
rl1: 0000025f8ac6a0e0
rl2: 0000025f8ac6a950
thread_info_verschnitt::HoleLayer()
hl: 0000025f8ac6a5f0
rl1: 0000025f8ac6a0e0
rl2: 0000025f8ac6a950
thread_info_verschnitt::HoleLayer()
hl: 0000025f8ac6a5f0
rl1: 0000025f8ac6a0e0
rl2: 0000025f8ac6a950
thread_info_verschnitt::HoleLayer()
hl: 0000025f8ac6a5f0
rl1: 0000025f8ac6a0e0
rl2: 0000025f8ac6a950
thread_info_verschnitt::HoleLayer()
hl: 0000025f8ac6a5f0
rl1: 0000025f8ac6a0e0
rl2: 0000025f8ac6a950
thread_info_verschnitt::HoleLayer()
hl: 0000025f8ac6a5f0
rl1: 0000025f8ac6a0e0
rl2: 0000025f8ac6a950
thread_info_verschnitt::HoleLayer()
hl: 0000025f8ac6a5f0
rl1: 0000025f8ac6a0e0
rl2: 0000025f8ac6a950
thread_info_verschnitt::HoleLayer()
hl: 0000025f8ac6a5f0
rl1: 0000025f8ac6a0e0
rl2: 0000025f8ac6a950
thread_info_verschnitt::HoleLayer()
hl: 0000025f8ac6a5f0
rl1: 0000025f8ac6a0e0
rl2: 0000025f8ac6a950
thread_info_verschnitt::HoleLayer()
hl: 0000025f8ac6a5f0
rl1: 0000025f8ac6a0e0
rl2: 0000025f8ac6a950
thread_info_verschnitt::HoleLayer()
hl: 0000025f8ac6a5f0
rl1: 0000025f8ac6a0e0
rl2: 0000025f8ac6a950
thread_info_verschnitt::HoleLayer()
hl: 0000025f8ac6a5f0
rl1: 0000025f8ac6a0e0
rl2: 0000025f8ac6a950
thread_info_verschnitt::HoleLayer()
hl: 0000025f8ac6a5f0
rl1: 0000025f8ac6a0e0
rl2: 0000025f8ac6a950
thread_info_verschnitt::HoleLayer()
hl: 0000025f8ac6a5f0
rl1: 0000025f8ac6a0e0
rl2: 0000025f8ac6a950
thread_info_verschnitt::HoleLayer()
hl: 0000025f8ac6a5f0
rl1: 0000025f8ac6a0e0
rl2: 0000025f8ac6a950
thread_info_verschnitt::HoleLayer()
hl: 0000025f8ac6a5f0
rl1: 0000025f8ac6a0e0
rl2: 0000025f8ac6a950
thread_info_verschnitt::HoleLayer()
hl: 0000025f8ac6a5f0
rl1: 0000025f8ac6a0e0
rl2: 0000025f8ac6a950
thread_info_verschnitt::HoleLayer()
hl: 0000025f8ac6a5f0
rl1: 0000025f8ac6a0e0
rl2: 0000025f8ac6a950
thread_info_verschnitt::HoleLayer()
hl: 0000025f8ac6a5f0
rl1: 0000025f8ac6a0e0
rl2: 0000025f8ac6a950
thread_info_verschnitt::HoleLayer()
hl: 0000025f8ac6a5f0
rl1: 0000025f8ac6a0e0
rl2: 0000025f8ac6a950
thread_info_verschnitt::HoleLayer()
hl: 0000025f8ac6a5f0
rl1: 0000025f8ac6a0e0
rl2: 0000025f8ac6a950
thread_info_verschnitt::HoleLayer()
hl: 0000025f8ac6a5f0
rl1: 0000025f8ac6a0e0
rl2: 0000025f8ac6a950
thread_info_verschnitt::HoleLayer()
hl: 0000025f8ac6a5f0
rl1: 0000025f8ac6a0e0
rl2: 0000025f8ac6a950
thread_info_verschnitt::HoleLayer()
hl: 0000025f8ac6a5f0
rl1: 0000025f8ac6a0e0
rl2: 0000025f8ac6a950
thread_info_verschnitt::HoleLayer()
hl: 0000025f8ac6a5f0
rl1: 0000025f8ac6a0e0
rl2: 0000025f8ac6a950
thread_info_verschnitt::HoleLayer()
hl: 0000025f8ac6a5f0
rl1: 0000025f8ac6a0e0
rl2: 0000025f8ac6a950
thread_info_verschnitt::HoleLayer()
hl: 0000025f8ac6a5f0
rl1: 0000025f8ac6a0e0
rl2: 0000025f8ac6a950
thread_info_verschnitt::HoleLayer()
hl: 0000025f8ac6a5f0
rl1: 0000025f8ac6a0e0
rl2: 0000025f8ac6a950
thread_info_verschnitt::HoleLayer()
hl: 0000025f8ac6a5f0
rl1: 0000025f8ac6a0e0
rl2: 0000025f8ac6a950
thread_info_verschnitt::HoleLayer()
hl: 0000025f8ac6a5f0
rl1: 0000025f8ac6a0e0
rl2: 0000025f8ac6a950
thread_info_verschnitt::HoleLayer()
hl: 0000025f8ac6a5f0
rl1: 0000025f8ac6a0e0
rl2: 0000025f8ac6a950
thread_info_verschnitt::HoleLayer()
hl: 0000025f8ac6a5f0
rl1: 0000025f8ac6a0e0
rl2: 0000025f8ac6a950
thread_info_verschnitt::HoleLayer()
hl: 0000025f8ac6a5f0
rl1: 0000025f8ac6a0e0
rl2: 0000025f8ac6a950
Schnittlinien gefunden (18156 Stueck)thread_info_verschnitt::HoleLayer()
hl: 0000025f8ac6a5f0
rl1: 0000025f8ac6a0e0
rl2: 0000025f8ac6a950
thread_info_verschnitt::HoleLayer()
hl: 0000025f8ac6a5f0
rl1: 0000025f8ac6a0e0
rl2: 0000025f8ac6a950
thread_info_verschnitt::HoleLayer()
hl: 0000025f8ac6a5f0
rl1: 0000025f8ac6a0e0
rl2: 0000025f8ac6a950
thread_info_verschnitt::HoleLayer()
hl: 0000025f8ac6a5f0
rl1: 0000025f8ac6a0e0
rl2: 0000025f8ac6a950
thread_info_verschnitt::HoleLayer()
hl: 0000025f8ac6a5f0
rl1: 0000025f8ac6a0e0
rl2: 0000025f8ac6a950
thread_info_verschnitt::HoleLayer()
hl: 0000025f8ac6a5f0
rl1: 0000025f8ac6a0e0
rl2: 0000025f8ac6a950
thread_info_verschnitt::HoleLayer()
hl: 0000025f8ac6a5f0
rl1: 0000025f8ac6a0e0
rl2: 0000025f8ac6a950
thread_info_verschnitt::HoleLayer()
hl: 0000025f8ac6a5f0
rl1: 0000025f8ac6a0e0
rl2: 0000025f8ac6a950
thread_info_verschnitt::HoleLayer()
hl: 0000025f8ac6a5f0
rl1: 0000025f8ac6a0e0
rl2: 0000025f8ac6a950
thread_info_verschnitt::HoleLayer()
hl: 0000025f8ac6a5f0
rl1: 0000025f8ac6a0e0
rl2: 0000025f8ac6a950
thread_info_verschnitt::HoleLayer()
hl: 0000025f8ac6a5f0
rl1: 0000025f8ac6a0e0
rl2: 0000025f8ac6a950
thread_info_verschnitt::HoleLayer()
hl: 0000025f8ac6a5f0
rl1: 0000025f8ac6a0e0
rl2: 0000025f8ac6a950
thread_info_verschnitt::HoleLayer()
hl: 0000025f8ac6a5f0
rl1: 0000025f8ac6a0e0
rl2: 0000025f8ac6a950
thread_info_verschnitt::HoleLayer()
hl: 0000025f8ac6a5f0
rl1: 0000025f8ac6a0e0
rl2: 0000025f8ac6a950
thread_info_verschnitt::HoleLayer()
hl: 0000025f8ac6a5f0
rl1: 0000025f8ac6a0e0
rl2: 0000025f8ac6a950
thread_info_verschnitt::HoleLayer()
hl: 0000025f8ac6a5f0
rl1: 0000025f8ac6a0e0
rl2: 0000025f8ac6a950
thread_info_verschnitt::HoleLayer()
hl: 0000025f8ac6a5f0
rl1: 0000025f8ac6a0e0
rl2: 0000025f8ac6a950
thread_info_verschnitt::HoleLayer()
hl: 0000025f8ac6a5f0
rl1: 0000025f8ac6a0e0
rl2: 0000025f8ac6a950
thread_info_verschnitt::HoleLayer()
hl: 0000025f8ac6a5f0
rl1: 0000025f8ac6a0e0
rl2: 0000025f8ac6a950
thread_info_verschnitt::HoleLayer()
hl: 0000025f8ac6a5f0
rl1: 0000025f8ac6a0e0
rl2: 0000025f8ac6a950
thread_info_verschnitt::HoleLayer()
hl: 0000025f8ac6a5f0
rl1: 0000025f8ac6a0e0
rl2: 0000025f8ac6a950
thread_info_verschnitt::HoleLayer()
hl: 0000025f8ac6a5f0
rl1: 0000025f8ac6a0e0
rl2: 0000025f8ac6a950
thread_info_verschnitt::HoleLayer()
hl: 0000025f8ac6a5f0
rl1: 0000025f8ac6a0e0
rl2: 0000025f8ac6a950
thread_info_verschnitt::HoleLayer()
hl: 0000025f8ac6a5f0
rl1: 0000025f8ac6a0e0
rl2: 0000025f8ac6a950
thread_info_verschnitt::HoleLayer()
hl: 0000025f8ac6a5f0
rl1: 0000025f8ac6a0e0
rl2: 0000025f8ac6a950
thread_info_verschnitt::HoleLayer()
hl: 0000025f8ac6a5f0
rl1: 0000025f8ac6a0e0
rl2: 0000025f8ac6a950
thread_info_verschnitt::HoleLayer()
hl: 0000025f8ac6a5f0
rl1: 0000025f8ac6a0e0
rl2: 0000025f8ac6a950
thread_info_verschnitt::HoleLayer()
hl: 0000025f8ac6a5f0
rl1: 0000025f8ac6a0e0
rl2: 0000025f8ac6a950
thread_info_verschnitt::HoleLayer()
hl: 0000025f8ac6a5f0
rl1: 0000025f8ac6a0e0
rl2: 0000025f8ac6a950
thread_info_verschnitt::HoleLayer()
hl: 0000025f8ac6a5f0
rl1: 0000025f8ac6a0e0
rl2: 0000025f8ac6a950
thread_info_verschnitt::HoleLayer()
hl: 0000025f8ac6a5f0
rl1: 0000025f8ac6a0e0
rl2: 0000025f8ac6a950
thread_info_verschnitt::HoleLayer()
hl: 0000025f8ac6a5f0
rl1: 0000025f8ac6a0e0
rl2: 0000025f8ac6a950
thread_info_verschnitt::HoleLayer()
hl: 0000025f8ac6a5f0
rl1: 0000025f8ac6a0e0
rl2: 0000025f8ac6a950
thread_info_verschnitt::HoleLayer()
hl: 0000025f8ac6a5f0
rl1: 0000025f8ac6a0e0
rl2: 0000025f8ac6a950
thread_info_verschnitt::HoleLayer()
hl: 0000025f8ac6a5f0
rl1: 0000025f8ac6a0e0
rl2: 0000025f8ac6a950
thread_info_verschnitt::HoleLayer()
hl: 0000025f8ac6a5f0
rl1: 0000025f8ac6a0e0
rl2: 0000025f8ac6a950
thread_info_verschnitt::HoleLayer()
hl: 0000025f8ac6a5f0
rl1: 0000025f8ac6a0e0
rl2: 0000025f8ac6a950
thread_info_verschnitt::HoleLayer()
hl: 0000025f8ac6a5f0
rl1: 0000025f8ac6a0e0
rl2: 0000025f8ac6a950
thread_info_verschnitt::HoleLayer()
hl: 0000025f8ac6a5f0
rl1: 0000025f8ac6a0e0
rl2: 0000025f8ac6a950
thread_info_verschnitt::HoleLayer()
hl: 0000025f8ac6a5f0
rl1: 0000025f8ac6a0e0
rl2: 0000025f8ac6a950
thread_info_verschnitt::HoleLayer()
hl: 0000025f8ac6a5f0
rl1: 0000025f8ac6a0e0
rl2: 0000025f8ac6a950
thread_info_verschnitt::HoleLayer()
hl: 0000025f8ac6a5f0
rl1: 0000025f8ac6a0e0
rl2: 0000025f8ac6a950
thread_info_verschnitt::HoleLayer()
hl: 0000025f8ac6a5f0
rl1: 0000025f8ac6a0e0
rl2: 0000025f8ac6a950
thread_info_verschnitt::HoleLayer()
hl: 0000025f8ac6a5f0
rl1: 0000025f8ac6a0e0
rl2: 0000025f8ac6a950
thread_info_verschnitt::HoleLayer()
hl: 0000025f8ac6a5f0
rl1: 0000025f8ac6a0e0
rl2: 0000025f8ac6a950
thread_info_verschnitt::HoleLayer()
hl: 0000025f8ac6a5f0
rl1: 0000025f8ac6a0e0
rl2: 0000025f8ac6a950
thread_info_verschnitt::HoleLayer()
hl: 0000025f8ac6a5f0
rl1: 0000025f8ac6a0e0
rl2: 0000025f8ac6a950
thread_info_verschnitt::HoleLayer()
hl: 0000025f8ac6a5f0
rl1: 0000025f8ac6a0e0
rl2: 0000025f8ac6a950
thread_info_verschnitt::HoleLayer()
hl: 0000025f8ac6a5f0
rl1: 0000025f8ac6a0e0
rl2: 0000025f8ac6a950
thread_info_verschnitt::HoleLayer()
hl: 0000025f8ac6a5f0
rl1: 0000025f8ac6a0e0
rl2: 0000025f8ac6a950
thread_info_verschnitt::HoleLayer()
hl: 0000025f8ac6a5f0
rl1: 0000025f8ac6a0e0
rl2: 0000025f8ac6a950
thread_info_verschnitt::HoleLayer()
hl: 0000025f8ac6a5f0
rl1: 0000025f8ac6a0e0
rl2: 0000025f8ac6a950
thread_info_verschnitt::HoleLayer()
hl: 0000025f8ac6a5f0
rl1: 0000025f8ac6a0e0
rl2: 0000025f8ac6a950
thread_info_verschnitt::HoleLayer()
hl: 0000025f8ac6a5f0
rl1: 0000025f8ac6a0e0
rl2: 0000025f8ac6a950
thread_info_verschnitt::HoleLayer()
hl: 0000025f8ac6a5f0
rl1: 0000025f8ac6a0e0
rl2: 0000025f8ac6a950
thread_info_verschnitt::HoleLayer()
hl: 0000025f8ac6a5f0
rl1: 0000025f8ac6a0e0
rl2: 0000025f8ac6a950
thread_info_verschnitt::HoleLayer()
hl: 0000025f8ac6a5f0
rl1: 0000025f8ac6a0e0
rl2: 0000025f8ac6a950
thread_info_verschnitt::HoleLayer()
hl: 0000025f8ac6a5f0
rl1: 0000025f8ac6a0e0
rl2: 0000025f8ac6a950
thread_info_verschnitt::HoleLayer()
hl: 0000025f8ac6a5f0
rl1: 0000025f8ac6a0e0
rl2: 0000025f8ac6a950
thread_info_verschnitt::HoleLayer()
hl: 0000025f8ac6a5f0
rl1: 0000025f8ac6a0e0
rl2: 0000025f8ac6a950
thread_info_verschnitt::HoleLayer()
hl: 0000025f8ac6a5f0
rl1: 0000025f8ac6a0e0
rl2: 0000025f8ac6a950
thread_info_verschnitt::HoleLayer()
hl: 0000025f8ac6a5f0
rl1: 0000025f8ac6a0e0
rl2: 0000025f8ac6a950
thread_info_verschnitt::HoleLayer()
hl: 0000025f8ac6a5f0
rl1: 0000025f8ac6a0e0
rl2: 0000025f8ac6a950
thread_info_verschnitt::HoleLayer()
hl: 0000025f8ac6a5f0
rl1: 0000025f8ac6a0e0
rl2: 0000025f8ac6a950
thread_info_verschnitt::HoleLayer()
hl: 0000025f8ac6a5f0
rl1: 0000025f8ac6a0e0
rl2: 0000025f8ac6a950
thread_info_verschnitt::HoleLayer()
hl: 0000025f8ac6a5f0
rl1: 0000025f8ac6a0e0
rl2: 0000025f8ac6a950
thread_info_verschnitt::HoleLayer()
hl: 0000025f8ac6a5f0
rl1: 0000025f8ac6a0e0
rl2: 0000025f8ac6a950
thread_info_verschnitt::HoleLayer()
hl: 0000025f8ac6a5f0
rl1: 0000025f8ac6a0e0
rl2: 0000025f8ac6a950
thread_info_verschnitt::HoleLayer()
hl: 0000025f8ac6a5f0
rl1: 0000025f8ac6a0e0
rl2: 0000025f8ac6a950
thread_info_verschnitt::HoleLayer()
hl: 0000025f8ac6a5f0
rl1: 0000025f8ac6a0e0
rl2: 0000025f8ac6a950
thread_info_verschnitt::HoleLayer()
hl: 0000025f8ac6a5f0
rl1: 0000025f8ac6a0e0
rl2: 0000025f8ac6a950
thread_info_verschnitt::HoleLayer()
hl: 0000025f8ac6a5f0
rl1: 0000025f8ac6a0e0
rl2: 0000025f8ac6a950
thread_info_verschnitt::HoleLayer()
hl: 0000025f8ac6a5f0
rl1: 0000025f8ac6a0e0
rl2: 0000025f8ac6a950
thread_info_verschnitt::HoleLayer()
hl: 0000025f8ac6a5f0
rl1: 0000025f8ac6a0e0
rl2: 0000025f8ac6a950
thread_info_verschnitt::HoleLayer()
hl: 0000025f8ac6a5f0
rl1: 0000025f8ac6a0e0
rl2: 0000025f8ac6a950
thread_info_verschnitt::HoleLayer()
hl: 0000025f8ac6a5f0
rl1: 0000025f8ac6a0e0
rl2: 0000025f8ac6a950
thread_info_verschnitt::HoleLayer()
hl: 0000025f8ac6a5f0
rl1: 0000025f8ac6a0e0
rl2: 0000025f8ac6a950
thread_info_verschnitt::HoleLayer()
hl: 0000025f8ac6a5f0
rl1: 0000025f8ac6a0e0
rl2: 0000025f8ac6a950
thread_info_verschnitt::HoleLayer()
hl: 0000025f8ac6a5f0
rl1: 0000025f8ac6a0e0
rl2: 0000025f8ac6a950
thread_info_verschnitt::HoleLayer()
hl: 0000025f8ac6a5f0
rl1: 0000025f8ac6a0e0
rl2: 0000025f8ac6a950
thread_info_verschnitt::HoleLayer()
hl: 0000025f8ac6a5f0
rl1: 0000025f8ac6a0e0
rl2: 0000025f8ac6a950
thread_info_verschnitt::HoleLayer()
hl: 0000025f8ac6a5f0
rl1: 0000025f8ac6a0e0
rl2: 0000025f8ac6a950
thread_info_verschnitt::HoleLayer()
hl: 0000025f8ac6a5f0
rl1: 0000025f8ac6a0e0
rl2: 0000025f8ac6a950
thread_info_verschnitt::HoleLayer()
hl: 0000025f8ac6a5f0
rl1: 0000025f8ac6a0e0
rl2: 0000025f8ac6a950
thread_info_verschnitt::HoleLayer()
hl: 0000025f8ac6a5f0
rl1: 0000025f8ac6a0e0
rl2: 0000025f8ac6a950
thread_info_verschnitt::HoleLayer()
hl: 0000025f8ac6a5f0
rl1: 0000025f8ac6a0e0
rl2: 0000025f8ac6a950
thread_info_verschnitt::HoleLayer()
hl: 0000025f8ac6a5f0
rl1: 0000025f8ac6a0e0
rl2: 0000025f8ac6a950
thread_info_verschnitt::HoleLayer()
hl: 0000025f8ac6a5f0
rl1: 0000025f8ac6a0e0
rl2: 0000025f8ac6a950
thread_info_verschnitt::HoleLayer()
hl: 0000025f8ac6a5f0
rl1: 0000025f8ac6a0e0
rl2: 0000025f8ac6a950
thread_info_verschnitt::HoleLayer()
hl: 0000025f8ac6a5f0
rl1: 0000025f8ac6a0e0
rl2: 0000025f8ac6a950
thread_info_verschnitt::HoleLayer()
hl: 0000025f8ac6a5f0
rl1: 0000025f8ac6a0e0
rl2: 0000025f8ac6a950
thread_info_verschnitt::HoleLayer()
hl: 0000025f8ac6a5f0
rl1: 0000025f8ac6a0e0
rl2: 0000025f8ac6a950
thread_info_verschnitt::HoleLayer()
hl: 0000025f8ac6a5f0
rl1: 0000025f8ac6a0e0
rl2: 0000025f8ac6a950
thread_info_verschnitt::HoleLayer()
hl: 0000025f8ac6a5f0
rl1: 0000025f8ac6a0e0
rl2: 0000025f8ac6a950
thread_info_verschnitt::HoleLayer()
hl: 0000025f8ac6a5f0
rl1: 0000025f8ac6a0e0
rl2: 0000025f8ac6a950
thread_info_verschnitt::HoleLayer()
hl: 0000025f8ac6a5f0
rl1: 0000025f8ac6a0e0
rl2: 0000025f8ac6a950
thread_info_verschnitt::HoleLayer()
hl: 0000025f8ac6a5f0
rl1: 0000025f8ac6a0e0
rl2: 0000025f8ac6a950
thread_info_verschnitt::HoleLayer()
hl: 0000025f8ac6a5f0
rl1: 0000025f8ac6a0e0
rl2: 0000025f8ac6a950
thread_info_verschnitt::HoleLayer()
hl: 0000025f8ac6a5f0
rl1: 0000025f8ac6a0e0
rl2: 0000025f8ac6a950
thread_info_verschnitt::HoleLayer()
hl: 0000025f8ac6a5f0
rl1: 0000025f8ac6a0e0
rl2: 0000025f8ac6a950
thread_info_verschnitt::HoleLayer()
hl: 0000025f8ac6a5f0
rl1: 0000025f8ac6a0e0
rl2: 0000025f8ac6a950
thread_info_verschnitt::HoleLayer()
hl: 0000025f8ac6a5f0
rl1: 0000025f8ac6a0e0
rl2: 0000025f8ac6a950
thread_info_verschnitt::HoleLayer()
hl: 0000025f8ac6a5f0
rl1: 0000025f8ac6a0e0
rl2: 0000025f8ac6a950
thread_info_verschnitt::HoleLayer()
hl: 0000025f8ac6a5f0
rl1: 0000025f8ac6a0e0
rl2: 0000025f8ac6a950
thread_info_verschnitt::HoleLayer()
hl: 0000025f8ac6a5f0
rl1: 0000025f8ac6a0e0
rl2: 0000025f8ac6a950
thread_info_verschnitt::HoleLayer()
hl: 0000025f8ac6a5f0
rl1: 0000025f8ac6a0e0
rl2: 0000025f8ac6a950
thread_info_verschnitt::HoleLayer()
hl: 0000025f8ac6a5f0
rl1: 0000025f8ac6a0e0
rl2: 0000025f8ac6a950
thread_info_verschnitt::HoleLayer()
hl: 0000025f8ac6a5f0
rl1: 0000025f8ac6a0e0
rl2: 0000025f8ac6a950
thread_info_verschnitt::HoleLayer()
hl: 0000025f8ac6a5f0
rl1: 0000025f8ac6a0e0
rl2: 0000025f8ac6a950
thread_info_verschnitt::HoleLayer()
hl: 0000025f8ac6a5f0
rl1: 0000025f8ac6a0e0
rl2: 0000025f8ac6a950
thread_info_verschnitt::HoleLayer()
hl: 0000025f8ac6a5f0
rl1: 0000025f8ac6a0e0
rl2: 0000025f8ac6a950
thread_info_verschnitt::HoleLayer()
hl: 0000025f8ac6a5f0
rl1: 0000025f8ac6a0e0
rl2: 0000025f8ac6a950
thread_info_verschnitt::HoleLayer()
hl: 0000025f8ac6a5f0
rl1: 0000025f8ac6a0e0
rl2: 0000025f8ac6a950
thread_info_verschnitt::HoleLayer()
hl: 0000025f8ac6a5f0
rl1: 0000025f8ac6a0e0
rl2: 0000025f8ac6a950
thread_info_verschnitt::HoleLayer()
hl: 0000025f8ac6a5f0
rl1: 0000025f8ac6a0e0
rl2: 0000025f8ac6a950
thread_info_verschnitt::HoleLayer()
hl: 0000025f8ac6a5f0
rl1: 0000025f8ac6a0e0
rl2: 0000025f8ac6a950
thread_info_verschnitt::HoleLayer()
hl: 0000025f8ac6a5f0
rl1: 0000025f8ac6a0e0
rl2: 0000025f8ac6a950
thread_info_verschnitt::HoleLayer()
hl: 0000025f8ac6a5f0
rl1: 0000025f8ac6a0e0
rl2: 0000025f8ac6a950
thread_info_verschnitt::HoleLayer()
hl: 0000025f8ac6a5f0
rl1: 0000025f8ac6a0e0
rl2: 0000025f8ac6a950
thread_info_verschnitt::HoleLayer()
hl: 0000025f8ac6a5f0
rl1: 0000025f8ac6a0e0
rl2: 0000025f8ac6a950
thread_info_verschnitt::HoleLayer()
hl: 0000025f8ac6a5f0
rl1: 0000025f8ac6a0e0
rl2: 0000025f8ac6a950
thread_info_verschnitt::HoleLayer()
hl: 0000025f8ac6a5f0
rl1: 0000025f8ac6a0e0
rl2: 0000025f8ac6a950
thread_info_verschnitt::HoleLayer()
hl: 0000025f8ac6a5f0
rl1: 0000025f8ac6a0e0
rl2: 0000025f8ac6a950
thread_info_verschnitt::HoleLayer()
hl: 0000025f8ac6a5f0
rl1: 0000025f8ac6a0e0
rl2: 0000025f8ac6a950
thread_info_verschnitt::HoleLayer()
hl: 0000025f8ac6a5f0
rl1: 0000025f8ac6a0e0
rl2: 0000025f8ac6a950
thread_info_verschnitt::HoleLayer()
hl: 0000025f8ac6a5f0
rl1: 0000025f8ac6a0e0
rl2: 0000025f8ac6a950
thread_info_verschnitt::HoleLayer()
hl: 0000025f8ac6a5f0
rl1: 0000025f8ac6a0e0
rl2: 0000025f8ac6a950
thread_info_verschnitt::HoleLayer()
hl: 0000025f8ac6a5f0
rl1: 0000025f8ac6a0e0
rl2: 0000025f8ac6a950
thread_info_verschnitt::HoleLayer()
hl: 0000025f8ac6a5f0
rl1: 0000025f8ac6a0e0
rl2: 0000025f8ac6a950
thread_info_verschnitt::HoleLayer()
hl: 0000025f8ac6a5f0
rl1: 0000025f8ac6a0e0
rl2: 0000025f8ac6a950
thread_info_verschnitt::HoleLayer()
hl: 0000025f8ac6a5f0
rl1: 0000025f8ac6a0e0
rl2: 0000025f8ac6a950
thread_info_verschnitt::HoleLayer()
hl: 0000025f8ac6a5f0
rl1: 0000025f8ac6a0e0
rl2: 0000025f8ac6a950
thread_info_verschnitt::HoleLayer()
hl: 0000025f8ac6a5f0
rl1: 0000025f8ac6a0e0
rl2: 0000025f8ac6a950
thread_info_verschnitt::HoleLayer()
hl: 0000025f8ac6a5f0
rl1: 0000025f8ac6a0e0
rl2: 0000025f8ac6a950
thread_info_verschnitt::HoleLayer()
hl: 0000025f8ac6a5f0
rl1: 0000025f8ac6a0e0
rl2: 0000025f8ac6a950
thread_info_verschnitt::HoleLayer()
hl: 0000025f8ac6a5f0
rl1: 0000025f8ac6a0e0
rl2: 0000025f8ac6a950
thread_info_verschnitt::HoleLayer()
hl: 0000025f8ac6a5f0
rl1: 0000025f8ac6a0e0
rl2: 0000025f8ac6a950
thread_info_verschnitt::HoleLayer()
hl: 0000025f8ac6a5f0
rl1: 0000025f8ac6a0e0
rl2: 0000025f8ac6a950
thread_info_verschnitt::HoleLayer()
hl: 0000025f8ac6a5f0
rl1: 0000025f8ac6a0e0
rl2: 0000025f8ac6a950
thread_info_verschnitt::HoleLayer()
hl: 0000025f8ac6a5f0
rl1: 0000025f8ac6a0e0
rl2: 0000025f8ac6a950
thread_info_verschnitt::HoleLayer()
hl: 0000025f8ac6a5f0
rl1: 0000025f8ac6a0e0
rl2: 0000025f8ac6a950
thread_info_verschnitt::HoleLayer()
hl: 0000025f8ac6a5f0
rl1: 0000025f8ac6a0e0
rl2: 0000025f8ac6a950
thread_info_verschnitt::HoleLayer()
hl: 0000025f8ac6a5f0
rl1: 0000025f8ac6a0e0
rl2: 0000025f8ac6a950
thread_info_verschnitt::HoleLayer()
hl: 0000025f8ac6a5f0
rl1: 0000025f8ac6a0e0
rl2: 0000025f8ac6a950
thread_info_verschnitt::HoleLayer()
hl: 0000025f8ac6a5f0
rl1: 0000025f8ac6a0e0
rl2: 0000025f8ac6a950
thread_info_verschnitt::HoleLayer()
hl: 0000025f8ac6a5f0
rl1: 0000025f8ac6a0e0
rl2: 0000025f8ac6a950
thread_info_verschnitt::HoleLayer()
hl: 0000025f8ac6a5f0
rl1: 0000025f8ac6a0e0
rl2: 0000025f8ac6a950
thread_info_verschnitt::HoleLayer()
hl: 0000025f8ac6a5f0
rl1: 0000025f8ac6a0e0
rl2: 0000025f8ac6a950
thread_info_verschnitt::HoleLayer()
hl: 0000025f8ac6a5f0
rl1: 0000025f8ac6a0e0
rl2: 0000025f8ac6a950
thread_info_verschnitt::HoleLayer()
hl: 0000025f8ac6a5f0
rl1: 0000025f8ac6a0e0
rl2: 0000025f8ac6a950
thread_info_verschnitt::HoleLayer()
hl: 0000025f8ac6a5f0
rl1: 0000025f8ac6a0e0
rl2: 0000025f8ac6a950
thread_info_verschnitt::HoleLayer()
hl: 0000025f8ac6a5f0
rl1: 0000025f8ac6a0e0
rl2: 0000025f8ac6a950
thread_info_verschnitt::HoleLayer()
hl: 0000025f8ac6a5f0
rl1: 0000025f8ac6a0e0
rl2: 0000025f8ac6a950
thread_info_verschnitt::HoleLayer()
hl: 0000025f8ac6a5f0
rl1: 0000025f8ac6a0e0
rl2: 0000025f8ac6a950
thread_info_verschnitt::HoleLayer()
hl: 0000025f8ac6a5f0
rl1: 0000025f8ac6a0e0
rl2: 0000025f8ac6a950
thread_info_verschnitt::HoleLayer()
hl: 0000025f8ac6a5f0
rl1: 0000025f8ac6a0e0
rl2: 0000025f8ac6a950
thread_info_verschnitt::HoleLayer()
hl: 0000025f8ac6a5f0
rl1: 0000025f8ac6a0e0
rl2: 0000025f8ac6a950
thread_info_verschnitt::HoleLayer()
hl: 0000025f8ac6a5f0
rl1: 0000025f8ac6a0e0
rl2: 0000025f8ac6a950
thread_info_verschnitt::HoleLayer()
hl: 0000025f8ac6a5f0
rl1: 0000025f8ac6a0e0
rl2: 0000025f8ac6a950
thread_info_verschnitt::HoleLayer()
hl: 0000025f8ac6a5f0
rl1: 0000025f8ac6a0e0
rl2: 0000025f8ac6a950
thread_info_verschnitt::HoleLayer()
hl: 0000025f8ac6a5f0
rl1: 0000025f8ac6a0e0
rl2: 0000025f8ac6a950
thread_info_verschnitt::HoleLayer()
hl: 0000025f8ac6a5f0
rl1: 0000025f8ac6a0e0
rl2: 0000025f8ac6a950
thread_info_verschnitt::HoleLayer()
hl: 0000025f8ac6a5f0
rl1: 0000025f8ac6a0e0
rl2: 0000025f8ac6a950
thread_info_verschnitt::HoleLayer()
hl: 0000025f8ac6a5f0
rl1: 0000025f8ac6a0e0
rl2: 0000025f8ac6a950
thread_info_verschnitt::HoleLayer()
hl: 0000025f8ac6a5f0
rl1: 0000025f8ac6a0e0
rl2: 0000025f8ac6a950
thread_info_verschnitt::HoleLayer()
hl: 0000025f8ac6a5f0
rl1: 0000025f8ac6a0e0
rl2: 0000025f8ac6a950
thread_info_verschnitt::HoleLayer()
hl: 0000025f8ac6a5f0
rl1: 0000025f8ac6a0e0
rl2: 0000025f8ac6a950
thread_info_verschnitt::HoleLayer()
hl: 0000025f8ac6a5f0
rl1: 0000025f8ac6a0e0
rl2: 0000025f8ac6a950
thread_info_verschnitt::HoleLayer()
hl: 0000025f8ac6a5f0
rl1: 0000025f8ac6a0e0
rl2: 0000025f8ac6a950
thread_info_verschnitt::HoleLayer()
hl: 0000025f8ac6a5f0
rl1: 0000025f8ac6a0e0
rl2: 0000025f8ac6a950
thread_info_verschnitt::HoleLayer()
hl: 0000025f8ac6a5f0
rl1: 0000025f8ac6a0e0
rl2: 0000025f8ac6a950
thread_info_verschnitt::HoleLayer()
hl: 0000025f8ac6a5f0
rl1: 0000025f8ac6a0e0
rl2: 0000025f8ac6a950
thread_info_verschnitt::HoleLayer()
hl: 0000025f8ac6a5f0
rl1: 0000025f8ac6a0e0
rl2: 0000025f8ac6a950
thread_info_verschnitt::HoleLayer()
hl: 0000025f8ac6a5f0
rl1: 0000025f8ac6a0e0
rl2: 0000025f8ac6a950
thread_info_verschnitt::HoleLayer()
hl: 0000025f8ac6a5f0
rl1: 0000025f8ac6a0e0
rl2: 0000025f8ac6a950
thread_info_verschnitt::HoleLayer()
hl: 0000025f8ac6a5f0
rl1: 0000025f8ac6a0e0
rl2: 0000025f8ac6a950
thread_info_verschnitt::HoleLayer()
hl: 0000025f8ac6a5f0
rl1: 0000025f8ac6a0e0
rl2: 0000025f8ac6a950
thread_info_verschnitt::HoleLayer()
hl: 0000025f8ac6a5f0
rl1: 0000025f8ac6a0e0
rl2: 0000025f8ac6a950
thread_info_verschnitt::HoleLayer()
hl: 0000025f8ac6a5f0
rl1: 0000025f8ac6a0e0
rl2: 0000025f8ac6a950
thread_info_verschnitt::HoleLayer()
hl: 0000025f8ac6a5f0
rl1: 0000025f8ac6a0e0
rl2: 0000025f8ac6a950
thread_info_verschnitt::HoleLayer()
hl: 0000025f8ac6a5f0
rl1: 0000025f8ac6a0e0
rl2: 0000025f8ac6a950
thread_info_verschnitt::HoleLayer()
hl: 0000025f8ac6a5f0
rl1: 0000025f8ac6a0e0
rl2: 0000025f8ac6a950
thread_info_verschnitt::HoleLayer()
hl: 0000025f8ac6a5f0
rl1: 0000025f8ac6a0e0
rl2: 0000025f8ac6a950
thread_info_verschnitt::HoleLayer()
hl: 0000025f8ac6a5f0
rl1: 0000025f8ac6a0e0
rl2: 0000025f8ac6a950
thread_info_verschnitt::HoleLayer()
hl: 0000025f8ac6a5f0
rl1: 0000025f8ac6a0e0
rl2: 0000025f8ac6a950
thread_info_verschnitt::HoleLayer()
hl: 0000025f8ac6a5f0
rl1: 0000025f8ac6a0e0
rl2: 0000025f8ac6a950
thread_info_verschnitt::HoleLayer()
hl: 0000025f8ac6a5f0
rl1: 0000025f8ac6a0e0
rl2: 0000025f8ac6a950
thread_info_verschnitt::HoleLayer()
hl: 0000025f8ac6a5f0
rl1: 0000025f8ac6a0e0
rl2: 0000025f8ac6a950
thread_info_verschnitt::HoleLayer()
hl: 0000025f8ac6a5f0
rl1: 0000025f8ac6a0e0
rl2: 0000025f8ac6a950
thread_info_verschnitt::HoleLayer()
hl: 0000025f8ac6a5f0
rl1: 0000025f8ac6a0e0
rl2: 0000025f8ac6a950
thread_info_verschnitt::HoleLayer()
hl: 0000025f8ac6a5f0
rl1: 0000025f8ac6a0e0
rl2: 0000025f8ac6a950
thread_info_verschnitt::HoleLayer()
hl: 0000025f8ac6a5f0
rl1: 0000025f8ac6a0e0
rl2: 0000025f8ac6a950
thread_info_verschnitt::HoleLayer()
hl: 0000025f8ac6a5f0
rl1: 0000025f8ac6a0e0
rl2: 0000025f8ac6a950
thread_info_verschnitt::HoleLayer()
hl: 0000025f8ac6a5f0
rl1: 0000025f8ac6a0e0
rl2: 0000025f8ac6a950
thread_info_verschnitt::HoleLayer()
hl: 0000025f8ac6a5f0
rl1: 0000025f8ac6a0e0
rl2: 0000025f8ac6a950
thread_info_verschnitt::HoleLayer()
hl: 0000025f8ac6a5f0
rl1: 0000025f8ac6a0e0
rl2: 0000025f8ac6a950
thread_info_verschnitt::HoleLayer()
hl: 0000025f8ac6a5f0
rl1: 0000025f8ac6a0e0
rl2: 0000025f8ac6a950
thread_info_verschnitt::HoleLayer()
hl: 0000025f8ac6a5f0
rl1: 0000025f8ac6a0e0
rl2: 0000025f8ac6a950
thread_info_verschnitt::HoleLayer()
hl: 0000025f8ac6a5f0
rl1: 0000025f8ac6a0e0
rl2: 0000025f8ac6a950
thread_info_verschnitt::HoleLayer()
hl: 0000025f8ac6a5f0
rl1: 0000025f8ac6a0e0
rl2: 0000025f8ac6a950
thread_info_verschnitt::HoleLayer()
hl: 0000025f8ac6a5f0
rl1: 0000025f8ac6a0e0
rl2: 0000025f8ac6a950
thread_info_verschnitt::HoleLayer()
hl: 0000025f8ac6a5f0
rl1: 0000025f8ac6a0e0
rl2: 0000025f8ac6a950
thread_info_verschnitt::HoleLayer()
hl: 0000025f8ac6a5f0
rl1: 0000025f8ac6a0e0
rl2: 0000025f8ac6a950
thread_info_verschnitt::HoleLayer()
hl: 0000025f8ac6a5f0
rl1: 0000025f8ac6a0e0
rl2: 0000025f8ac6a950
thread_info_verschnitt::HoleLayer()
hl: 0000025f8ac6a5f0
rl1: 0000025f8ac6a0e0
rl2: 0000025f8ac6a950
thread_info_verschnitt::HoleLayer()
hl: 0000025f8ac6a5f0
rl1: 0000025f8ac6a0e0
rl2: 0000025f8ac6a950
thread_info_verschnitt::HoleLayer()
hl: 0000025f8ac6a5f0
rl1: 0000025f8ac6a0e0
rl2: 0000025f8ac6a950
thread_info_verschnitt::HoleLayer()
hl: 0000025f8ac6a5f0
rl1: 0000025f8ac6a0e0
rl2: 0000025f8ac6a950
thread_info_verschnitt::HoleLayer()
hl: 0000025f8ac6a5f0
rl1: 0000025f8ac6a0e0
rl2: 0000025f8ac6a950
thread_info_verschnitt::HoleLayer()
hl: 0000025f8ac6a5f0
rl1: 0000025f8ac6a0e0
rl2: 0000025f8ac6a950
thread_info_verschnitt::HoleLayer()
hl: 0000025f8ac6a5f0
rl1: 0000025f8ac6a0e0
rl2: 0000025f8ac6a950
thread_info_verschnitt::HoleLayer()
hl: 0000025f8ac6a5f0
rl1: 0000025f8ac6a0e0
rl2: 0000025f8ac6a950
thread_info_verschnitt::HoleLayer()
hl: 0000025f8ac6a5f0
rl1: 0000025f8ac6a0e0
rl2: 0000025f8ac6a950
thread_info_verschnitt::HoleLayer()
hl: 0000025f8ac6a5f0
rl1: 0000025f8ac6a0e0
rl2: 0000025f8ac6a950
thread_info_verschnitt::HoleLayer()
hl: 0000025f8ac6a5f0
rl1: 0000025f8ac6a0e0
rl2: 0000025f8ac6a950
thread_info_verschnitt::HoleLayer()
hl: 0000025f8ac6a5f0
rl1: 0000025f8ac6a0e0
rl2: 0000025f8ac6a950
thread_info_verschnitt::HoleLayer()
hl: 0000025f8ac6a5f0
rl1: 0000025f8ac6a0e0
rl2: 0000025f8ac6a950
thread_info_verschnitt::HoleLayer()
hl: 0000025f8ac6a5f0
rl1: 0000025f8ac6a0e0
rl2: 0000025f8ac6a950
thread_info_verschnitt::HoleLayer()
hl: 0000025f8ac6a5f0
rl1: 0000025f8ac6a0e0
rl2: 0000025f8ac6a950
thread_info_verschnitt::HoleLayer()
hl: 0000025f8ac6a5f0
rl1: 0000025f8ac6a0e0
rl2: 0000025f8ac6a950
thread_info_verschnitt::HoleLayer()
hl: 0000025f8ac6a5f0
rl1: 0000025f8ac6a0e0
rl2: 0000025f8ac6a950
thread_info_verschnitt::HoleLayer()
hl: 0000025f8ac6a5f0
rl1: 0000025f8ac6a0e0
rl2: 0000025f8ac6a950
thread_info_verschnitt::HoleLayer()
hl: 0000025f8ac6a5f0
rl1: 0000025f8ac6a0e0
rl2: 0000025f8ac6a950
thread_info_verschnitt::HoleLayer()
hl: 0000025f8ac6a5f0
rl1: 0000025f8ac6a0e0
rl2: 0000025f8ac6a950
thread_info_verschnitt::HoleLayer()
hl: 0000025f8ac6a5f0
rl1: 0000025f8ac6a0e0
rl2: 0000025f8ac6a950
thread_info_verschnitt::HoleLayer()
hl: 0000025f8ac6a5f0
rl1: 0000025f8ac6a0e0
rl2: 0000025f8ac6a950
thread_info_verschnitt::HoleLayer()
hl: 0000025f8ac6a5f0
rl1: 0000025f8ac6a0e0
rl2: 0000025f8ac6a950
thread_info_verschnitt::HoleLayer()
hl: 0000025f8ac6a5f0
rl1: 0000025f8ac6a0e0
rl2: 0000025f8ac6a950
thread_info_verschnitt::HoleLayer()
hl: 0000025f8ac6a5f0
rl1: 0000025f8ac6a0e0
rl2: 0000025f8ac6a950
thread_info_verschnitt::HoleLayer()
hl: 0000025f8ac6a5f0
rl1: 0000025f8ac6a0e0
rl2: 0000025f8ac6a950
thread_info_verschnitt::HoleLayer()
hl: 0000025f8ac6a5f0
rl1: 0000025f8ac6a0e0
rl2: 0000025f8ac6a950
thread_info_verschnitt::HoleLayer()
hl: 0000025f8ac6a5f0
rl1: 0000025f8ac6a0e0
rl2: 0000025f8ac6a950
thread_info_verschnitt::HoleLayer()
hl: 0000025f8ac6a5f0
rl1: 0000025f8ac6a0e0
rl2: 0000025f8ac6a950
thread_info_verschnitt::HoleLayer()
hl: 0000025f8ac6a5f0
rl1: 0000025f8ac6a0e0
rl2: 0000025f8ac6a950
thread_info_verschnitt::HoleLayer()
hl: 0000025f8ac6a5f0
rl1: 0000025f8ac6a0e0
rl2: 0000025f8ac6a950
thread_info_verschnitt::HoleLayer()
hl: 0000025f8ac6a5f0
rl1: 0000025f8ac6a0e0
rl2: 0000025f8ac6a950
thread_info_verschnitt::HoleLayer()
hl: 0000025f8ac6a5f0
rl1: 0000025f8ac6a0e0
rl2: 0000025f8ac6a950
thread_info_verschnitt::HoleLayer()
hl: 0000025f8ac6a5f0
rl1: 0000025f8ac6a0e0
rl2: 0000025f8ac6a950
thread_info_verschnitt::HoleLayer()
hl: 0000025f8ac6a5f0
rl1: 0000025f8ac6a0e0
rl2: 0000025f8ac6a950
thread_info_verschnitt::HoleLayer()
hl: 0000025f8ac6a5f0
rl1: 0000025f8ac6a0e0
rl2: 0000025f8ac6a950
thread_info_verschnitt::HoleLayer()
hl: 0000025f8ac6a5f0
rl1: 0000025f8ac6a0e0
rl2: 0000025f8ac6a950
thread_info_verschnitt::HoleLayer()
hl: 0000025f8ac6a5f0
rl1: 0000025f8ac6a0e0
rl2: 0000025f8ac6a950
thread_info_verschnitt::HoleLayer()
hl: 0000025f8ac6a5f0
rl1: 0000025f8ac6a0e0
rl2: 0000025f8ac6a950
thread_info_verschnitt::HoleLayer()
hl: 0000025f8ac6a5f0
rl1: 0000025f8ac6a0e0
rl2: 0000025f8ac6a950
thread_info_verschnitt::HoleLayer()
hl: 0000025f8ac6a5f0
rl1: 0000025f8ac6a0e0
rl2: 0000025f8ac6a950
thread_info_verschnitt::HoleLayer()
hl: 0000025f8ac6a5f0
rl1: 0000025f8ac6a0e0
rl2: 0000025f8ac6a950
thread_info_verschnitt::HoleLayer()
hl: 0000025f8ac6a5f0
rl1: 0000025f8ac6a0e0
rl2: 0000025f8ac6a950
thread_info_verschnitt::HoleLayer()
hl: 0000025f8ac6a5f0
rl1: 0000025f8ac6a0e0
rl2: 0000025f8ac6a950
thread_info_verschnitt::HoleLayer()
hl: 0000025f8ac6a5f0
rl1: 0000025f8ac6a0e0
rl2: 0000025f8ac6a950
thread_info_verschnitt::HoleLayer()
hl: 0000025f8ac6a5f0
rl1: 0000025f8ac6a0e0
rl2: 0000025f8ac6a950
thread_info_verschnitt::HoleLayer()
hl: 0000025f8ac6a5f0
rl1: 0000025f8ac6a0e0
rl2: 0000025f8ac6a950
thread_info_verschnitt::HoleLayer()
hl: 0000025f8ac6a5f0
rl1: 0000025f8ac6a0e0
rl2: 0000025f8ac6a950
thread_info_verschnitt::HoleLayer()
hl: 0000025f8ac6a5f0
rl1: 0000025f8ac6a0e0
rl2: 0000025f8ac6a950
thread_info_verschnitt::HoleLayer()
hl: 0000025f8ac6a5f0
rl1: 0000025f8ac6a0e0
rl2: 0000025f8ac6a950
thread_info_verschnitt::HoleLayer()
hl: 0000025f8ac6a5f0
rl1: 0000025f8ac6a0e0
rl2: 0000025f8ac6a950
thread_info_verschnitt::HoleLayer()
hl: 0000025f8ac6a5f0
rl1: 0000025f8ac6a0e0
rl2: 0000025f8ac6a950
thread_info_verschnitt::HoleLayer()
hl: 0000025f8ac6a5f0
rl1: 0000025f8ac6a0e0
rl2: 0000025f8ac6a950
thread_info_verschnitt::HoleLayer()
hl: 0000025f8ac6a5f0
rl1: 0000025f8ac6a0e0
rl2: 0000025f8ac6a950
thread_info_verschnitt::HoleLayer()
hl: 0000025f8ac6a5f0
rl1: 0000025f8ac6a0e0
rl2: 0000025f8ac6a950
thread_info_verschnitt::HoleLayer()
hl: 0000025f8ac6a5f0
rl1: 0000025f8ac6a0e0
rl2: 0000025f8ac6a950
thread_info_verschnitt::HoleLayer()
hl: 0000025f8ac6a5f0
rl1: 0000025f8ac6a0e0
rl2: 0000025f8ac6a950
thread_info_verschnitt::HoleLayer()
hl: 0000025f8ac6a5f0
rl1: 0000025f8ac6a0e0
rl2: 0000025f8ac6a950
thread_info_verschnitt::HoleLayer()
hl: 0000025f8ac6a5f0
rl1: 0000025f8ac6a0e0
rl2: 0000025f8ac6a950
thread_info_verschnitt::HoleLayer()
hl: 0000025f8ac6a5f0
rl1: 0000025f8ac6a0e0
rl2: 0000025f8ac6a950
thread_info_verschnitt::HoleLayer()
hl: 0000025f8ac6a5f0
rl1: 0000025f8ac6a0e0
rl2: 0000025f8ac6a950
thread_info_verschnitt::HoleLayer()
hl: 0000025f8ac6a5f0
rl1: 0000025f8ac6a0e0
rl2: 0000025f8ac6a950
thread_info_verschnitt::HoleLayer()
hl: 0000025f8ac6a5f0
rl1: 0000025f8ac6a0e0
rl2: 0000025f8ac6a950
thread_info_verschnitt::HoleLayer()
hl: 0000025f8ac6a5f0
rl1: 0000025f8ac6a0e0
rl2: 0000025f8ac6a950
thread_info_verschnitt::HoleLayer()
hl: 0000025f8ac6a5f0
rl1: 0000025f8ac6a0e0
rl2: 0000025f8ac6a950
thread_info_verschnitt::HoleLayer()
hl: 0000025f8ac6a5f0
rl1: 0000025f8ac6a0e0
rl2: 0000025f8ac6a950
thread_info_verschnitt::HoleLayer()
hl: 0000025f8ac6a5f0
rl1: 0000025f8ac6a0e0
rl2: 0000025f8ac6a950
thread_info_verschnitt::HoleLayer()
hl: 0000025f8ac6a5f0
rl1: 0000025f8ac6a0e0
rl2: 0000025f8ac6a950
thread_info_verschnitt::HoleLayer()
hl: 0000025f8ac6a5f0
rl1: 0000025f8ac6a0e0
rl2: 0000025f8ac6a950
thread_info_verschnitt::HoleLayer()
hl: 0000025f8ac6a5f0
rl1: 0000025f8ac6a0e0
rl2: 0000025f8ac6a950
thread_info_verschnitt::HoleLayer()
hl: 0000025f8ac6a5f0
rl1: 0000025f8ac6a0e0
rl2: 0000025f8ac6a950
thread_info_verschnitt::HoleLayer()
hl: 0000025f8ac6a5f0
rl1: 0000025f8ac6a0e0
rl2: 0000025f8ac6a950
thread_info_verschnitt::HoleLayer()
hl: 0000025f8ac6a5f0
rl1: 0000025f8ac6a0e0
rl2: 0000025f8ac6a950
thread_info_verschnitt::HoleLayer()
hl: 0000025f8ac6a5f0
rl1: 0000025f8ac6a0e0
rl2: 0000025f8ac6a950
thread_info_verschnitt::HoleLayer()
hl: 0000025f8ac6a5f0
rl1: 0000025f8ac6a0e0
rl2: 0000025f8ac6a950
thread_info_verschnitt::HoleLayer()
hl: 0000025f8ac6a5f0
rl1: 0000025f8ac6a0e0
rl2: 0000025f8ac6a950
thread_info_verschnitt::HoleLayer()
hl: 0000025f8ac6a5f0
rl1: 0000025f8ac6a0e0
rl2: 0000025f8ac6a950
thread_info_verschnitt::HoleLayer()
hl: 0000025f8ac6a5f0
rl1: 0000025f8ac6a0e0
rl2: 0000025f8ac6a950
thread_info_verschnitt::HoleLayer()
hl: 0000025f8ac6a5f0
rl1: 0000025f8ac6a0e0
rl2: 0000025f8ac6a950
thread_info_verschnitt::HoleLayer()
hl: 0000025f8ac6a5f0
rl1: 0000025f8ac6a0e0
rl2: 0000025f8ac6a950
thread_info_verschnitt::HoleLayer()
hl: 0000025f8ac6a5f0
rl1: 0000025f8ac6a0e0
rl2: 0000025f8ac6a950
thread_info_verschnitt::HoleLayer()
hl: 0000025f8ac6a5f0
rl1: 0000025f8ac6a0e0
rl2: 0000025f8ac6a950
thread_info_verschnitt::HoleLayer()
hl: 0000025f8ac6a5f0
rl1: 0000025f8ac6a0e0
rl2: 0000025f8ac6a950
thread_info_verschnitt::HoleLayer()
hl: 0000025f8ac6a5f0
rl1: 0000025f8ac6a0e0
rl2: 0000025f8ac6a950
thread_info_verschnitt::HoleLayer()
hl: 0000025f8ac6a5f0
rl1: 0000025f8ac6a0e0
rl2: 0000025f8ac6a950
thread_info_verschnitt::HoleLayer()
hl: 0000025f8ac6a5f0
rl1: 0000025f8ac6a0e0
rl2: 0000025f8ac6a950
thread_info_verschnitt::HoleLayer()
hl: 0000025f8ac6a5f0
rl1: 0000025f8ac6a0e0
rl2: 0000025f8ac6a950
thread_info_verschnitt::HoleLayer()
hl: 0000025f8ac6a5f0
rl1: 0000025f8ac6a0e0
rl2: 0000025f8ac6a950
thread_info_verschnitt::HoleLayer()
hl: 0000025f8ac6a5f0
rl1: 0000025f8ac6a0e0
rl2: 0000025f8ac6a950
thread_info_verschnitt::HoleLayer()
hl: 0000025f8ac6a5f0
rl1: 0000025f8ac6a0e0
rl2: 0000025f8ac6a950
thread_info_verschnitt::HoleLayer()
hl: 0000025f8ac6a5f0
rl1: 0000025f8ac6a0e0
rl2: 0000025f8ac6a950
thread_info_verschnitt::HoleLayer()
hl: 0000025f8ac6a5f0
rl1: 0000025f8ac6a0e0
rl2: 0000025f8ac6a950
thread_info_verschnitt::HoleLayer()
hl: 0000025f8ac6a5f0
rl1: 0000025f8ac6a0e0
rl2: 0000025f8ac6a950
thread_info_verschnitt::HoleLayer()
hl: 0000025f8ac6a5f0
rl1: 0000025f8ac6a0e0
rl2: 0000025f8ac6a950
thread_info_verschnitt::HoleLayer()
hl: 0000025f8ac6a5f0
rl1: 0000025f8ac6a0e0
rl2: 0000025f8ac6a950
thread_info_verschnitt::HoleLayer()
hl: 0000025f8ac6a5f0
rl1: 0000025f8ac6a0e0
rl2: 0000025f8ac6a950
thread_info_verschnitt::HoleLayer()
hl: 0000025f8ac6a5f0
rl1: 0000025f8ac6a0e0
rl2: 0000025f8ac6a950
thread_info_verschnitt::HoleLayer()
hl: 0000025f8ac6a5f0
rl1: 0000025f8ac6a0e0
rl2: 0000025f8ac6a950
thread_info_verschnitt::HoleLayer()
hl: 0000025f8ac6a5f0
rl1: 0000025f8ac6a0e0
rl2: 0000025f8ac6a950
thread_info_verschnitt::HoleLayer()
hl: 0000025f8ac6a5f0
rl1: 0000025f8ac6a0e0
rl2: 0000025f8ac6a950
thread_info_verschnitt::HoleLayer()
hl: 0000025f8ac6a5f0
rl1: 0000025f8ac6a0e0
rl2: 0000025f8ac6a950
thread_info_verschnitt::HoleLayer()
hl: 0000025f8ac6a5f0
rl1: 0000025f8ac6a0e0
rl2: 0000025f8ac6a950
thread_info_verschnitt::HoleLayer()
hl: 0000025f8ac6a5f0
rl1: 0000025f8ac6a0e0
rl2: 0000025f8ac6a950
thread_info_verschnitt::HoleLayer()
hl: 0000025f8ac6a5f0
rl1: 0000025f8ac6a0e0
rl2: 0000025f8ac6a950
thread_info_verschnitt::HoleLayer()
hl: 0000025f8ac6a5f0
rl1: 0000025f8ac6a0e0
rl2: 0000025f8ac6a950
thread_info_verschnitt::HoleLayer()
hl: 0000025f8ac6a5f0
rl1: 0000025f8ac6a0e0
rl2: 0000025f8ac6a950
thread_info_verschnitt::HoleLayer()
hl: 0000025f8ac6a5f0
rl1: 0000025f8ac6a0e0
rl2: 0000025f8ac6a950
thread_info_verschnitt::HoleLayer()
hl: 0000025f8ac6a5f0
rl1: 0000025f8ac6a0e0
rl2: 0000025f8ac6a950
thread_info_verschnitt::HoleLayer()
hl: 0000025f8ac6a5f0
rl1: 0000025f8ac6a0e0
rl2: 0000025f8ac6a950
thread_info_verschnitt::HoleLayer()
hl: 0000025f8ac6a5f0
rl1: 0000025f8ac6a0e0
rl2: 0000025f8ac6a950
thread_info_verschnitt::HoleLayer()
hl: 0000025f8ac6a5f0
rl1: 0000025f8ac6a0e0
rl2: 0000025f8ac6a950
thread_info_verschnitt::HoleLayer()
hl: 0000025f8ac6a5f0
rl1: 0000025f8ac6a0e0
rl2: 0000025f8ac6a950
thread_info_verschnitt::HoleLayer()
hl: 0000025f8ac6a5f0
rl1: 0000025f8ac6a0e0
rl2: 0000025f8ac6a950
thread_info_verschnitt::HoleLayer()
hl: 0000025f8ac6a5f0
rl1: 0000025f8ac6a0e0
rl2: 0000025f8ac6a950
thread_info_verschnitt::HoleLayer()
hl: 0000025f8ac6a5f0
rl1: 0000025f8ac6a0e0
rl2: 0000025f8ac6a950
thread_info_verschnitt::HoleLayer()
hl: 0000025f8ac6a5f0
rl1: 0000025f8ac6a0e0
rl2: 0000025f8ac6a950
thread_info_verschnitt::HoleLayer()
hl: 0000025f8ac6a5f0
rl1: 0000025f8ac6a0e0
rl2: 0000025f8ac6a950
thread_info_verschnitt::HoleLayer()
hl: 0000025f8ac6a5f0
rl1: 0000025f8ac6a0e0
rl2: 0000025f8ac6a950
thread_info_verschnitt::HoleLayer()
hl: 0000025f8ac6a5f0
rl1: 0000025f8ac6a0e0
rl2: 0000025f8ac6a950
thread_info_verschnitt::HoleLayer()
hl: 0000025f8ac6a5f0
rl1: 0000025f8ac6a0e0
rl2: 0000025f8ac6a950
thread_info_verschnitt::HoleLayer()
hl: 0000025f8ac6a5f0
rl1: 0000025f8ac6a0e0
rl2: 0000025f8ac6a950
thread_info_verschnitt::HoleLayer()
hl: 0000025f8ac6a5f0
rl1: 0000025f8ac6a0e0
rl2: 0000025f8ac6a950
thread_info_verschnitt::HoleLayer()
hl: 0000025f8ac6a5f0
rl1: 0000025f8ac6a0e0
rl2: 0000025f8ac6a950
thread_info_verschnitt::HoleLayer()
hl: 0000025f8ac6a5f0
rl1: 0000025f8ac6a0e0
rl2: 0000025f8ac6a950
thread_info_verschnitt::HoleLayer()
hl: 0000025f8ac6a5f0
rl1: 0000025f8ac6a0e0
rl2: 0000025f8ac6a950
thread_info_verschnitt::HoleLayer()
hl: 0000025f8ac6a5f0
rl1: 0000025f8ac6a0e0
rl2: 0000025f8ac6a950
thread_info_verschnitt::HoleLayer()
hl: 0000025f8ac6a5f0
rl1: 0000025f8ac6a0e0
rl2: 0000025f8ac6a950
thread_info_verschnitt::HoleLayer()
hl: 0000025f8ac6a5f0
rl1: 0000025f8ac6a0e0
rl2: 0000025f8ac6a950
thread_info_verschnitt::HoleLayer()
hl: 0000025f8ac6a5f0
rl1: 0000025f8ac6a0e0
rl2: 0000025f8ac6a950
thread_info_verschnitt::HoleLayer()
hl: 0000025f8ac6a5f0
rl1: 0000025f8ac6a0e0
rl2: 0000025f8ac6a950
thread_info_verschnitt::HoleLayer()
hl: 0000025f8ac6a5f0
rl1: 0000025f8ac6a0e0
rl2: 0000025f8ac6a950
thread_info_verschnitt::HoleLayer()
hl: 0000025f8ac6a5f0
rl1: 0000025f8ac6a0e0
rl2: 0000025f8ac6a950
thread_info_verschnitt::HoleLayer()
hl: 0000025f8ac6a5f0
rl1: 0000025f8ac6a0e0
rl2: 0000025f8ac6a950
thread_info_verschnitt::HoleLayer()
hl: 0000025f8ac6a5f0
rl1: 0000025f8ac6a0e0
rl2: 0000025f8ac6a950
thread_info_verschnitt::HoleLayer()
hl: 0000025f8ac6a5f0
rl1: 0000025f8ac6a0e0
rl2: 0000025f8ac6a950
thread_info_verschnitt::HoleLayer()
hl: 0000025f8ac6a5f0
rl1: 0000025f8ac6a0e0
rl2: 0000025f8ac6a950
thread_info_verschnitt::HoleLayer()
hl: 0000025f8ac6a5f0
rl1: 0000025f8ac6a0e0
rl2: 0000025f8ac6a950
thread_info_verschnitt::HoleLayer()
hl: 0000025f8ac6a5f0
rl1: 0000025f8ac6a0e0
rl2: 0000025f8ac6a950
thread_info_verschnitt::HoleLayer()
hl: 0000025f8ac6a5f0
rl1: 0000025f8ac6a0e0
rl2: 0000025f8ac6a950
thread_info_verschnitt::HoleLayer()
hl: 0000025f8ac6a5f0
rl1: 0000025f8ac6a0e0
rl2: 0000025f8ac6a950
thread_info_verschnitt::HoleLayer()
hl: 0000025f8ac6a5f0
rl1: 0000025f8ac6a0e0
rl2: 0000025f8ac6a950
thread_info_verschnitt::HoleLayer()
hl: 0000025f8ac6a5f0
rl1: 0000025f8ac6a0e0
rl2: 0000025f8ac6a950
thread_info_verschnitt::HoleLayer()
hl: 0000025f8ac6a5f0
rl1: 0000025f8ac6a0e0
rl2: 0000025f8ac6a950
thread_info_verschnitt::HoleLayer()
hl: 0000025f8ac6a5f0
rl1: 0000025f8ac6a0e0
rl2: 0000025f8ac6a950
thread_info_verschnitt::HoleLayer()
hl: 0000025f8ac6a5f0
rl1: 0000025f8ac6a0e0
rl2: 0000025f8ac6a950
thread_info_verschnitt::HoleLayer()
hl: 0000025f8ac6a5f0
rl1: 0000025f8ac6a0e0
rl2: 0000025f8ac6a950
thread_info_verschnitt::HoleLayer()
hl: 0000025f8ac6a5f0
rl1: 0000025f8ac6a0e0
rl2: 0000025f8ac6a950
thread_info_verschnitt::HoleLayer()
hl: 0000025f8ac6a5f0
rl1: 0000025f8ac6a0e0
rl2: 0000025f8ac6a950
thread_info_verschnitt::HoleLayer()
hl: 0000025f8ac6a5f0
rl1: 0000025f8ac6a0e0
rl2: 0000025f8ac6a950
thread_info_verschnitt::HoleLayer()
hl: 0000025f8ac6a5f0
rl1: 0000025f8ac6a0e0
rl2: 0000025f8ac6a950
thread_info_verschnitt::HoleLayer()
hl: 0000025f8ac6a5f0
rl1: 0000025f8ac6a0e0
rl2: 0000025f8ac6a950
thread_info_verschnitt::HoleLayer()
hl: 0000025f8ac6a5f0
rl1: 0000025f8ac6a0e0
rl2: 0000025f8ac6a950
thread_info_verschnitt::HoleLayer()
hl: 0000025f8ac6a5f0
rl1: 0000025f8ac6a0e0
rl2: 0000025f8ac6a950
thread_info_verschnitt::HoleLayer()
hl: 0000025f8ac6a5f0
rl1: 0000025f8ac6a0e0
rl2: 0000025f8ac6a950
thread_info_verschnitt::HoleLayer()
hl: 0000025f8ac6a5f0
rl1: 0000025f8ac6a0e0
rl2: 0000025f8ac6a950
thread_info_verschnitt::HoleLayer()
hl: 0000025f8ac6a5f0
rl1: 0000025f8ac6a0e0
rl2: 0000025f8ac6a950
thread_info_verschnitt::HoleLayer()
hl: 0000025f8ac6a5f0
rl1: 0000025f8ac6a0e0
rl2: 0000025f8ac6a950
thread_info_verschnitt::HoleLayer()
hl: 0000025f8ac6a5f0
rl1: 0000025f8ac6a0e0
rl2: 0000025f8ac6a950
thread_info_verschnitt::HoleLayer()
hl: 0000025f8ac6a5f0
rl1: 0000025f8ac6a0e0
rl2: 0000025f8ac6a950
thread_info_verschnitt::HoleLayer()
hl: 0000025f8ac6a5f0
rl1: 0000025f8ac6a0e0
rl2: 0000025f8ac6a950
thread_info_verschnitt::HoleLayer()
hl: 0000025f8ac6a5f0
rl1: 0000025f8ac6a0e0
rl2: 0000025f8ac6a950
thread_info_verschnitt::HoleLayer()
hl: 0000025f8ac6a5f0
rl1: 0000025f8ac6a0e0
rl2: 0000025f8ac6a950
thread_info_verschnitt::HoleLayer()
hl: 0000025f8ac6a5f0
rl1: 0000025f8ac6a0e0
rl2: 0000025f8ac6a950
thread_info_verschnitt::HoleLayer()
hl: 0000025f8ac6a5f0
rl1: 0000025f8ac6a0e0
rl2: 0000025f8ac6a950
thread_info_verschnitt::HoleLayer()
hl: 0000025f8ac6a5f0
rl1: 0000025f8ac6a0e0
rl2: 0000025f8ac6a950
thread_info_verschnitt::HoleLayer()
hl: 0000025f8ac6a5f0
rl1: 0000025f8ac6a0e0
rl2: 0000025f8ac6a950
thread_info_verschnitt::HoleLayer()
hl: 0000025f8ac6a5f0
rl1: 0000025f8ac6a0e0
rl2: 0000025f8ac6a950
thread_info_verschnitt::HoleLayer()
hl: 0000025f8ac6a5f0
rl1: 0000025f8ac6a0e0
rl2: 0000025f8ac6a950
thread_info_verschnitt::HoleLayer()
hl: 0000025f8ac6a5f0
rl1: 0000025f8ac6a0e0
rl2: 0000025f8ac6a950
thread_info_verschnitt::HoleLayer()
hl: 0000025f8ac6a5f0
rl1: 0000025f8ac6a0e0
rl2: 0000025f8ac6a950
thread_info_verschnitt::HoleLayer()
hl: 0000025f8ac6a5f0
rl1: 0000025f8ac6a0e0
rl2: 0000025f8ac6a950
thread_info_verschnitt::HoleLayer()
hl: 0000025f8ac6a5f0
rl1: 0000025f8ac6a0e0
rl2: 0000025f8ac6a950
thread_info_verschnitt::HoleLayer()
hl: 0000025f8ac6a5f0
rl1: 0000025f8ac6a0e0
rl2: 0000025f8ac6a950
thread_info_verschnitt::HoleLayer()
hl: 0000025f8ac6a5f0
rl1: 0000025f8ac6a0e0
rl2: 0000025f8ac6a950
thread_info_verschnitt::HoleLayer()
hl: 0000025f8ac6a5f0
rl1: 0000025f8ac6a0e0
rl2: 0000025f8ac6a950
thread_info_verschnitt::HoleLayer()
hl: 0000025f8ac6a5f0
rl1: 0000025f8ac6a0e0
rl2: 0000025f8ac6a950
thread_info_verschnitt::HoleLayer()
hl: 0000025f8ac6a5f0
rl1: 0000025f8ac6a0e0
rl2: 0000025f8ac6a950
thread_info_verschnitt::HoleLayer()
hl: 0000025f8ac6a5f0
rl1: 0000025f8ac6a0e0
rl2: 0000025f8ac6a950
thread_info_verschnitt::HoleLayer()
hl: 0000025f8ac6a5f0
rl1: 0000025f8ac6a0e0
rl2: 0000025f8ac6a950
thread_info_verschnitt::HoleLayer()
hl: 0000025f8ac6a5f0
rl1: 0000025f8ac6a0e0
rl2: 0000025f8ac6a950
thread_info_verschnitt::HoleLayer()
hl: 0000025f8ac6a5f0
rl1: 0000025f8ac6a0e0
rl2: 0000025f8ac6a950
thread_info_verschnitt::HoleLayer()
hl: 0000025f8ac6a5f0
rl1: 0000025f8ac6a0e0
rl2: 0000025f8ac6a950
thread_info_verschnitt::HoleLayer()
hl: 0000025f8ac6a5f0
rl1: 0000025f8ac6a0e0
rl2: 0000025f8ac6a950
Layer hilfsLayer geloescht
Layer randLayer1 geloescht
Layer randLayer2 geloescht
Layer Verschneidung_Wald-Michelbach Gelaendeaufnahme LW geloescht
Layer Verschneidung_Cc_Wald-Michelbach Gelaendeaufnahme LW geloescht
Layer Wald-Michelbach Gelaendeaufnahme LW geloescht
Layer Cc_Wald-Michelbach Gelaendeaufnahme LW geloescht
D:\CodeBlocks_Projekte\RUZ\TestDateien\VerschnittTest 5_h‰ndisch.ruz konnte ge√∂ffnet werden
GefaelleRasterLoeschen...
GefaelleRasterLoeschen...erledigt
GefaelleRasterLoeschen...
GefaelleRasterLoeschen...erledigt
thread_info_verschnitt::thread_info_verschnitt()
hilfsLayer: 0000025f8aaf8fe0
randLayer1: 0000025f8aaf9190
randLayer2: 0000025f8aaf9340
thread_info_verschnitt::HoleLayer()
hl: 0000025f8aaf8fe0
rl1: 0000025f8aaf9190
rl2: 0000025f8aaf9340
thread_info_verschnitt::HoleLayer()
hl: 0000025f8aaf8fe0
rl1: 0000025f8aaf9190
rl2: 0000025f8aaf9340
RUZ_Layer::Verschneiden
hilfsLayer: 0000025f8aaf8fe0
randLayer1: 0000025f8aaf9190
randLayer2: 0000025f8aaf9340
Schnittlinien gefunden (13 Stueck)thread_info_verschnitt::HoleLayer()
hl: 0000025f8aaf8fe0
rl1: 0000025f8aaf9190
rl2: 0000025f8aaf9340
Layer hilfsLayer geloescht
Layer randLayer1 geloescht
Layer randLayer2 geloescht
GefaelleRasterLoeschen...
GefaelleRasterLoeschen...erledigt


/**Ergebnis der Volumenberechnung zwischen Layern**/
/***************Prismenberechnung****************/
Urgel√§nde:	Verschneidung_STANDARD	Verschub:	0.000
neues Gel√§nde:	Verschneidung_Cc_STANDARD	Verschub:	0.000
Rastergr√∂√üe:	10.000
Auftrag:	8081.64
Abtrag:	3935.30
/**ENDE Volumenberechnung**/
Layer STANDARD geloescht
Layer Cc_STANDARD geloescht
Layer neuer Layer geloescht
Layer Verschneidung_STANDARD geloescht
Layer Verschneidung_Cc_STANDARD geloescht
Layer Hintergrund geloescht
Logbuch gestartet
D:\CodeBlocks_Projekte\RUZ\TestDateien\Gelaendemodell_3.ruz konnte ge√∂ffnet werden
GefaelleRasterLoeschen...
GefaelleRasterLoeschen...erledigt
GefaelleRasterLoeschen...
GefaelleRasterLoeschen...erledigt
RUZ_Layer::Verschneiden
hilfsLayer: 000002171a522140
randLayer1: 000002171a5224a0
randLayer2: 000002171a522d10
Schnittlinien gefunden (18156 Stueck)Layer hilfsLayer geloescht
Layer randLayer1 geloescht
Layer randLayer2 geloescht
Logbuch gestartet
D:\CodeBlocks_Projekte\RUZ\TestDateien\Gelaendemodell_3.ruz konnte ge√∂ffnet werden
GefaelleRasterLoeschen...
GefaelleRasterLoeschen...erledigt
GefaelleRasterLoeschen...
GefaelleRasterLoeschen...erledigt
RUZ_Layer::Verschneiden
hilfsLayer: 0000018b7e114a40
randLayer1: 0000018b7e114bf0
randLayer2: 0000018b7e114020
Schnittlinien gefunden (3683 Stueck)Layer hilfsLayer geloescht
Layer randLayer1 geloescht
Layer randLayer2 geloescht
GefaelleRasterLoeschen...
GefaelleRasterLoeschen...erledigt
Layer Verschneidung_Wald-Michelbach Gelaendeaufnahme LW geloescht
GefaelleRasterLoeschen...
GefaelleRasterLoeschen...erledigt
Layer Verschneidung_Cc_Wald-Michelbach Gelaendeaufnahme LW geloescht
GefaelleRasterLoeschen...
GefaelleRasterLoeschen...erledigt
GefaelleRasterLoeschen...
GefaelleRasterLoeschen...erledigt
RUZ_Layer::Verschneiden
hilfsLayer: 0000018b7e114da0
randLayer1: 0000018b7e1132a0
randLayer2: 0000018b7e114bf0
Schnittlinien gefunden (958 Stueck)Layer hilfsLayer geloescht
Layer randLayer1 geloescht
Layer randLayer2 geloescht
GefaelleRasterLoeschen...
GefaelleRasterLoeschen...erledigt
GefaelleRasterLoeschen...
GefaelleRasterLoeschen...erledigt


/**Ergebnis der Volumenberechnung zwischen Layern**/
/***************Prismenberechnung****************/
Urgel√§nde:	Verschneidung_Wald-Michelbach Gelaendeaufnahme LW	Verschub:	0.000
neues Gel√§nde:	Verschneidung_Cc_Wald-Michelbach Gelaendeaufnahme LW	Verschub:	0.000
Rastergr√∂√üe:	10.000
Auftrag:	0.00
Abtrag:	712.79
/**ENDE Volumenberechnung**/
GefaelleRasterLoeschen...
GefaelleRasterLoeschen...erledigt
GefaelleRasterLoeschen...
GefaelleRasterLoeschen...erledigt
Layer STANDARD geloescht
Layer Wald-Michelbach Gelaendeaufnahme LW geloescht
Layer Cc_Wald-Michelbach Gelaendeaufnahme LW geloescht
Layer Verschneidung_Wald-Michelbach Gelaendeaufnahme LW geloescht
Layer Verschneidung_Cc_Wald-Michelbach Gelaendeaufnahme LW geloescht
Layer Hintergrund geloescht
Logbuch gestartet
D:\CodeBlocks_Projekte\RUZ\TestDateien\Gelaendemodell_3.ruz konnte ge√∂ffnet werden
GefaelleRasterLoeschen...
GefaelleRasterLoeschen...erledigt
GefaelleRasterLoeschen...
GefaelleRasterLoeschen...erledigt
RUZ_Layer::Verschneiden
hilfsLayer: 0000022318f58450
randLayer1: 0000022318f58b10
randLayer2: 0000022318f587b0
Schnittlinien gefunden (1700 Stueck)Layer hilfsLayer geloescht
Layer randLayer1 geloescht
Layer randLayer2 geloescht
Logbuch gestartet
D:\CodeBlocks_Projekte\RUZ\TestDateien\Gelaendemodell_3.ruz konnte ge√∂ffnet werden
GefaelleRasterLoeschen...
GefaelleRasterLoeschen...erledigt
GefaelleRasterLoeschen...
GefaelleRasterLoeschen...erledigt
RUZ_Layer::Verschneiden
hilfsLayer: 00000285c25c0210
randLayer1: 00000285c25c0060
randLayer2: 00000285c25c03c0
Schnittlinien gefunden (486 Stueck)Logbuch gestartet
D:\CodeBlocks_Projekte\RUZ\TestDateien\Gelaendemodell_3.ruz konnte ge√∂ffnet werden
GefaelleRasterLoeschen...
GefaelleRasterLoeschen...erledigt
GefaelleRasterLoeschen...
GefaelleRasterLoeschen...erledigt
RUZ_Layer::Verschneiden
hilfsLayer: 0000015780665f90
randLayer1: 00000157806662f0
randLayer2: 0000015780666140
Schnittlinien gefunden (554 Stueck)Layer hilfsLayer geloescht
Layer randLayer1 geloescht
Layer randLayer2 geloescht
GefaelleRasterLoeschen...
GefaelleRasterLoeschen...erledigt
Layer STANDARD geloescht
Layer Wald-Michelbach Gelaendeaufnahme LW geloescht
Layer Cc_Wald-Michelbach Gelaendeaufnahme LW geloescht
Layer Verschneidung_Wald-Michelbach Gelaendeaufnahme LW geloescht
Layer Verschneidung_Cc_Wald-Michelbach Gelaendeaufnahme LW geloescht
Layer Hintergrund geloescht
Logbuch gestartet
D:\CodeBlocks_Projekte\RUZ\TestDateien\Gelaendemodell_3.ruz konnte ge√∂ffnet werden
GefaelleRasterLoeschen...
GefaelleRasterLoeschen...erledigt
GefaelleRasterLoeschen...
GefaelleRasterLoeschen...erledigt
RUZ_Layer::Verschneiden
hilfsLayer: 0000020a2c072d80
randLayer1: 0000020a2c072bd0
randLayer2: 0000020a2c072510
Schnittlinien gefunden (552 Stueck)Layer hilfsLayer geloescht
Layer randLayer1 geloescht
Layer randLayer2 geloescht
GefaelleRasterLoeschen...
GefaelleRasterLoeschen...erledigt
Layer STANDARD geloescht
Layer Wald-Michelbach Gelaendeaufnahme LW geloescht
Layer Cc_Wald-Michelbach Gelaendeaufnahme LW geloescht
Layer Verschneidung_Wald-Michelbach Gelaendeaufnahme LW geloescht
Layer Verschneidung_Cc_Wald-Michelbach Gelaendeaufnahme LW geloescht
Layer Hintergrund geloescht
Logbuch gestartet
D:\CodeBlocks_Projekte\RUZ\TestDateien\Gelaendemodell_3.ruz konnte ge√∂ffnet werden
GefaelleRasterLoeschen...
GefaelleRasterLoeschen...erledigt
GefaelleRasterLoeschen...
GefaelleRasterLoeschen...erledigt
RUZ_Layer::Verschneiden
hilfsLayer: 00000292f2d9dcb0
randLayer1: 00000292f2d9d950
randLayer2: 00000292f2d9e6d0
Schnittlinien gefunden (290 Stueck)Layer hilfsLayer geloescht
Layer randLayer1 geloescht
Layer randLayer2 geloescht
RUZ_Layer::Verschneiden
hilfsLayer: 00000292f2d9e370
randLayer1: 00000292f2d9e520
randLayer2: 00000292f2d9d950
Schnittlinien gefunden (290 Stueck)Layer hilfsLayer geloescht
Layer randLayer1 geloescht
Layer randLayer2 geloescht
Layer STANDARD geloescht
Layer Wald-Michelbach Gelaendeaufnahme LW geloescht
Layer Cc_Wald-Michelbach Gelaendeaufnahme LW geloescht
Layer Verschneidung_Wald-Michelbach Gelaendeaufnahme LW geloescht
Layer Verschneidung_Cc_Wald-Michelbach Gelaendeaufnahme LW geloescht
Layer Verschneidung_Wald-Michelbach Gelaendeaufnahme LW geloescht
Layer Verschneidung_Cc_Wald-Michelbach Gelaendeaufnahme LW geloescht
Layer Hintergrund geloescht
Logbuch gestartet
D:\CodeBlocks_Projekte\RUZ\TestDateien\Gelaendemodell_3.ruz konnte ge√∂ffnet werden
GefaelleRasterLoeschen...
GefaelleRasterLoeschen...erledigt
GefaelleRasterLoeschen...
GefaelleRasterLoeschen...erledigt
RUZ_Layer::Verschneiden
hilfsLayer: 000001f28ba63230
randLayer1: 000001f28ba63590
randLayer2: 000001f28ba624b0
Schnittlinien gefunden (60 Stueck)Layer hilfsLayer geloescht
Layer randLayer1 geloescht
Layer randLayer2 geloescht


/**Ergebnis der Volumenberechnung zwischen Layern**/
/***************Prismenberechnung****************/
Urgel√§nde:	Verschneidung_Wald-Michelbach Gelaendeaufnahme LW	Verschub:	0.000
neues Gel√§nde:	Verschneidung_Cc_Wald-Michelbach Gelaendeaufnahme LW	Verschub:	0.000
Rastergr√∂√üe:	10.000
Auftrag:	2181.96
Abtrag:	2533.35
/**ENDE Volumenberechnung**/
GefaelleRasterLoeschen...
GefaelleRasterLoeschen...erledigt
Layer STANDARD geloescht
Layer Wald-Michelbach Gelaendeaufnahme LW geloescht
Layer Cc_Wald-Michelbach Gelaendeaufnahme LW geloescht
Layer Verschneidung_Wald-Michelbach Gelaendeaufnahme LW geloescht
Layer Verschneidung_Cc_Wald-Michelbach Gelaendeaufnahme LW geloescht
Layer Hintergrund geloescht
Logbuch gestartet
D:\CodeBlocks_Projekte\RUZ\TestDateien\Gelaendemodell_3.ruz konnte ge√∂ffnet werden
GefaelleRasterLoeschen...
GefaelleRasterLoeschen...erledigt
GefaelleRasterLoeschen...
GefaelleRasterLoeschen...erledigt
RUZ_Layer::Verschneiden
hilfsLayer: 00000174e1ce3010
randLayer1: 00000174e1ce2cb0
randLayer2: 00000174e1ce1bd0
Schnittlinien gefunden (60 Stueck)Layer hilfsLayer geloescht
Layer randLayer1 geloescht
Layer randLayer2 geloescht
Layer STANDARD geloescht
Layer Wald-Michelbach Gelaendeaufnahme LW geloescht
Layer Cc_Wald-Michelbach Gelaendeaufnahme LW geloescht
Layer Verschneidung_Wald-Michelbach Gelaendeaufnahme LW geloescht
Layer Verschneidung_Cc_Wald-Michelbach Gelaendeaufnahme LW geloescht
Layer Hintergrund geloescht
Logbuch gestartet
Layer STANDARD geloescht
Layer Hintergrund geloescht
Logbuch gestartet
Layer STANDARD geloescht
Layer Hintergrund geloescht
Logbuch gestartet
Layer STANDARD geloescht
Layer Hintergrund geloescht
Logbuch gestartet
Layer STANDARD geloescht
Layer Hintergrund geloescht
Logbuch gestartet
Layer STANDARD geloescht
Layer Hintergrund geloescht
Logbuch gestartet
Layer STANDARD geloescht
Layer Hintergrund geloescht
Logbuch gestartet
Layer STANDARD geloescht
Layer Hintergrund geloescht
